<?xml version="1.0" encoding="UTF-8"?>
<testsuite xmlns:xsi="http://www.w3.org/2001/XMLSchema-instance" xsi:noNamespaceSchemaLocation="https://maven.apache.org/surefire/maven-surefire-plugin/xsd/surefire-test-report.xsd" name="me.stevemmmmm.server.AppTest" time="0.022" tests="1" errors="0" skipped="0" failures="0">
  <properties>
    <property name="java.specification.version" value="14"/>
    <property name="sun.jnu.encoding" value="UTF-8"/>
    <property name="java.class.path" value="/Users/estebangarcia/Projects/the-blue-hats-server/target/test-classes:/Users/estebangarcia/Projects/the-blue-hats-server/target/classes:/Users/estebangarcia/.m2/repository/junit/junit/4.11/junit-4.11.jar:/Users/estebangarcia/.m2/repository/org/hamcrest/hamcrest-core/1.3/hamcrest-core-1.3.jar:/Users/estebangarcia/.m2/repository/org/spigotmc/spigot-api/1.8.8-R0.1-SNAPSHOT/spigot-api-1.8.8-R0.1-SNAPSHOT.jar:/Users/estebangarcia/.m2/repository/commons-lang/commons-lang/2.6/commons-lang-2.6.jar:/Users/estebangarcia/.m2/repository/com/googlecode/json-simple/json-simple/1.1.1/json-simple-1.1.1.jar:/Users/estebangarcia/.m2/repository/com/google/guava/guava/17.0/guava-17.0.jar:/Users/estebangarcia/.m2/repository/com/google/code/gson/gson/2.2.4/gson-2.2.4.jar:/Users/estebangarcia/.m2/repository/org/avaje/ebean/2.8.1/ebean-2.8.1.jar:/Users/estebangarcia/.m2/repository/javax/persistence/persistence-api/1.0/persistence-api-1.0.jar:/Users/estebangarcia/.m2/repository/org/yaml/snakeyaml/1.15/snakeyaml-1.15.jar:/Users/estebangarcia/.m2/repository/net/md-5/bungeecord-chat/1.8-SNAPSHOT/bungeecord-chat-1.8-SNAPSHOT.jar:"/>
    <property name="java.vm.vendor" value="Oracle Corporation"/>
    <property name="sun.arch.data.model" value="64"/>
    <property name="java.vendor.url" value="https://openjdk.java.net/"/>
    <property name="os.name" value="Mac OS X"/>
    <property name="java.vm.specification.version" value="14"/>
    <property name="sun.java.launcher" value="SUN_STANDARD"/>
    <property name="user.country" value="US"/>
    <property name="sun.boot.library.path" value="/usr/local/Cellar/openjdk/14.0.1/libexec/openjdk.jdk/Contents/Home/lib"/>
    <property name="sun.java.command" value="/Users/estebangarcia/Projects/the-blue-hats-server/target/surefire/surefirebooter15287741290121281008.jar /Users/estebangarcia/Projects/the-blue-hats-server/target/surefire 2020-10-24T00-38-30_761-jvmRun1 surefire14370876494706400496tmp surefire_04060326698363777208tmp"/>
    <property name="http.nonProxyHosts" value="local|*.local|169.254/16|*.169.254/16"/>
    <property name="jdk.debug" value="release"/>
    <property name="surefire.test.class.path" value="/Users/estebangarcia/Projects/the-blue-hats-server/target/test-classes:/Users/estebangarcia/Projects/the-blue-hats-server/target/classes:/Users/estebangarcia/.m2/repository/junit/junit/4.11/junit-4.11.jar:/Users/estebangarcia/.m2/repository/org/hamcrest/hamcrest-core/1.3/hamcrest-core-1.3.jar:/Users/estebangarcia/.m2/repository/org/spigotmc/spigot-api/1.8.8-R0.1-SNAPSHOT/spigot-api-1.8.8-R0.1-SNAPSHOT.jar:/Users/estebangarcia/.m2/repository/commons-lang/commons-lang/2.6/commons-lang-2.6.jar:/Users/estebangarcia/.m2/repository/com/googlecode/json-simple/json-simple/1.1.1/json-simple-1.1.1.jar:/Users/estebangarcia/.m2/repository/com/google/guava/guava/17.0/guava-17.0.jar:/Users/estebangarcia/.m2/repository/com/google/code/gson/gson/2.2.4/gson-2.2.4.jar:/Users/estebangarcia/.m2/repository/org/avaje/ebean/2.8.1/ebean-2.8.1.jar:/Users/estebangarcia/.m2/repository/javax/persistence/persistence-api/1.0/persistence-api-1.0.jar:/Users/estebangarcia/.m2/repository/org/yaml/snakeyaml/1.15/snakeyaml-1.15.jar:/Users/estebangarcia/.m2/repository/net/md-5/bungeecord-chat/1.8-SNAPSHOT/bungeecord-chat-1.8-SNAPSHOT.jar:"/>
    <property name="sun.cpu.endian" value="little"/>
    <property name="user.home" value="/Users/estebangarcia"/>
    <property name="user.language" value="en"/>
    <property name="java.specification.vendor" value="Oracle Corporation"/>
    <property name="java.version.date" value="2020-04-14"/>
    <property name="java.home" value="/usr/local/Cellar/openjdk/14.0.1/libexec/openjdk.jdk/Contents/Home"/>
    <property name="file.separator" value="/"/>
    <property name="basedir" value="/Users/estebangarcia/Projects/the-blue-hats-server"/>
    <property name="java.vm.compressedOopsMode" value="Zero based"/>
    <property name="line.separator" value="&#10;"/>
    <property name="java.specification.name" value="Java Platform API Specification"/>
    <property name="java.vm.specification.vendor" value="Oracle Corporation"/>
    <property name="surefire.real.class.path" value="/Users/estebangarcia/Projects/the-blue-hats-server/target/surefire/surefirebooter15287741290121281008.jar"/>
    <property name="sun.management.compiler" value="HotSpot 64-Bit Tiered Compilers"/>
    <property name="ftp.nonProxyHosts" value="local|*.local|169.254/16|*.169.254/16"/>
    <property name="java.runtime.version" value="14.0.1+14"/>
    <property name="user.name" value="estebangarcia"/>
    <property name="path.separator" value=":"/>
    <property name="os.version" value="10.15.7"/>
    <property name="java.runtime.name" value="OpenJDK Runtime Environment"/>
    <property name="file.encoding" value="UTF-8"/>
    <property name="java.vm.name" value="OpenJDK 64-Bit Server VM"/>
    <property name="localRepository" value="/Users/estebangarcia/.m2/repository"/>
    <property name="java.vendor.url.bug" value="https://bugreport.java.com/bugreport/"/>
    <property name="java.io.tmpdir" value="/var/folders/1p/fdzgbnwj2pnckw7k1xhf8sc40000gn/T/"/>
    <property name="java.version" value="14.0.1"/>
    <property name="user.dir" value="/Users/estebangarcia/Projects/the-blue-hats-server"/>
    <property name="os.arch" value="x86_64"/>
    <property name="java.vm.specification.name" value="Java Virtual Machine Specification"/>
    <property name="java.library.path" value="/Users/estebangarcia/Library/Java/Extensions:/Library/Java/Extensions:/Network/Library/Java/Extensions:/System/Library/Java/Extensions:/usr/lib/java:."/>
    <property name="java.vm.info" value="mixed mode, sharing"/>
    <property name="java.vendor" value="N/A"/>
    <property name="java.vm.version" value="14.0.1+14"/>
    <property name="sun.io.unicode.encoding" value="UnicodeBig"/>
    <property name="socksNonProxyHosts" value="local|*.local|169.254/16|*.169.254/16"/>
    <property name="java.class.version" value="58.0"/>
  </properties>
  <testcase name="shouldAnswerWithTrue" classname="me.stevemmmmm.server.AppTest" time="0.001"/>
</testsuite>